<?xml version="1.0" encoding="UTF-8"?>
<!-- Generated by org.testng.reporters.JUnitReportReporter -->
<testsuite hostname="DESKTOP-MKJNNGN" name="com.Admin.AdminTest" tests="4" failures="0" timestamp="15 Mar 2022 17:04:00 GMT" time="1.562" errors="0">
  <testcase name="allProduct" time="0.740" classname="com.Admin.AdminTest"/>
  <testcase name="serachProduct" time="0.169" classname="com.Admin.AdminTest"/>
  <testcase name="logout" time="0.180" classname="com.Admin.AdminTest"/>
  <testcase name="adminlogin" time="0.473" classname="com.Admin.AdminTest"/>
</testsuite> <!-- com.Admin.AdminTest -->
